{"/Users/joerhew/Documents/Odin/repos/odin-battleship/src/gameboard.js": {"path":"/Users/joerhew/Documents/Odin/repos/odin-battleship/src/gameboard.js","statementMap":{"0":{"start":{"line":5,"column":4},"end":{"line":5,"column":20}},"1":{"start":{"line":6,"column":4},"end":{"line":6,"column":19}},"2":{"start":{"line":7,"column":4},"end":{"line":7,"column":30}},"3":{"start":{"line":8,"column":4},"end":{"line":8,"column":33}},"4":{"start":{"line":12,"column":17},"end":{"line":12,"column":33}},"5":{"start":{"line":13,"column":4},"end":{"line":13,"column":48}},"6":{"start":{"line":14,"column":4},"end":{"line":16,"column":6}},"7":{"start":{"line":15,"column":6},"end":{"line":15,"column":76}},"8":{"start":{"line":18,"column":4},"end":{"line":18,"column":15}},"9":{"start":{"line":22,"column":29},"end":{"line":29,"column":5}},"10":{"start":{"line":23,"column":6},"end":{"line":27,"column":7}},"11":{"start":{"line":23,"column":19},"end":{"line":23,"column":20}},"12":{"start":{"line":24,"column":8},"end":{"line":26,"column":9}},"13":{"start":{"line":25,"column":10},"end":{"line":25,"column":34}},"14":{"start":{"line":28,"column":6},"end":{"line":28,"column":17}},"15":{"start":{"line":31,"column":18},"end":{"line":31,"column":78}},"16":{"start":{"line":34,"column":4},"end":{"line":39,"column":5}},"17":{"start":{"line":35,"column":6},"end":{"line":35,"column":26}},"18":{"start":{"line":36,"column":6},"end":{"line":36,"column":102}},"19":{"start":{"line":38,"column":6},"end":{"line":38,"column":103}},"20":{"start":{"line":41,"column":4},"end":{"line":41,"column":32}},"21":{"start":{"line":45,"column":21},"end":{"line":45,"column":90}},"22":{"start":{"line":45,"column":63},"end":{"line":45,"column":82}},"23":{"start":{"line":46,"column":25},"end":{"line":46,"column":53}},"24":{"start":{"line":48,"column":4},"end":{"line":48,"column":36}}},"fnMap":{"0":{"name":"(anonymous_0)","decl":{"start":{"line":4,"column":2},"end":{"line":4,"column":3}},"loc":{"start":{"line":4,"column":16},"end":{"line":9,"column":3}},"line":4},"1":{"name":"(anonymous_1)","decl":{"start":{"line":11,"column":2},"end":{"line":11,"column":3}},"loc":{"start":{"line":11,"column":40},"end":{"line":19,"column":3}},"line":11},"2":{"name":"(anonymous_2)","decl":{"start":{"line":14,"column":31},"end":{"line":14,"column":32}},"loc":{"start":{"line":14,"column":45},"end":{"line":16,"column":5}},"line":14},"3":{"name":"(anonymous_3)","decl":{"start":{"line":21,"column":2},"end":{"line":21,"column":3}},"loc":{"start":{"line":21,"column":37},"end":{"line":42,"column":3}},"line":21},"4":{"name":"(anonymous_4)","decl":{"start":{"line":22,"column":29},"end":{"line":22,"column":30}},"loc":{"start":{"line":22,"column":68},"end":{"line":29,"column":5}},"line":22},"5":{"name":"(anonymous_5)","decl":{"start":{"line":44,"column":2},"end":{"line":44,"column":3}},"loc":{"start":{"line":44,"column":19},"end":{"line":49,"column":3}},"line":44},"6":{"name":"(anonymous_6)","decl":{"start":{"line":45,"column":53},"end":{"line":45,"column":54}},"loc":{"start":{"line":45,"column":63},"end":{"line":45,"column":82}},"line":45}},"branchMap":{"0":{"loc":{"start":{"line":24,"column":8},"end":{"line":26,"column":9}},"type":"if","locations":[{"start":{"line":24,"column":8},"end":{"line":26,"column":9}},{"start":{},"end":{}}],"line":24},"1":{"loc":{"start":{"line":24,"column":12},"end":{"line":24,"column":102}},"type":"binary-expr","locations":[{"start":{"line":24,"column":12},"end":{"line":24,"column":55}},{"start":{"line":24,"column":59},"end":{"line":24,"column":102}}],"line":24},"2":{"loc":{"start":{"line":34,"column":4},"end":{"line":39,"column":5}},"type":"if","locations":[{"start":{"line":34,"column":4},"end":{"line":39,"column":5}},{"start":{"line":37,"column":11},"end":{"line":39,"column":5}}],"line":34}},"s":{"0":11,"1":11,"2":11,"3":11,"4":5,"5":5,"6":5,"7":13,"8":5,"9":6,"10":6,"11":6,"12":12,"13":4,"14":2,"15":6,"16":6,"17":4,"18":4,"19":2,"20":6,"21":7,"22":10,"23":7,"24":7},"f":{"0":11,"1":5,"2":13,"3":6,"4":6,"5":7,"6":10},"b":{"0":[4,8],"1":[12,11],"2":[4,2]},"_coverageSchema":"1a1c01bbd47fc00a2c39e90264f33305004495a9","hash":"d8c79a71e97a80a667927c60917e8cc1c36b8ebb"}
}
