{"/Users/joerhew/Documents/Odin/repos/odin-battleship/src/index.js": {"path":"/Users/joerhew/Documents/Odin/repos/odin-battleship/src/index.js","statementMap":{"0":{"start":{"line":3,"column":4},"end":{"line":3,"column":24}},"1":{"start":{"line":4,"column":4},"end":{"line":4,"column":32}},"2":{"start":{"line":5,"column":4},"end":{"line":5,"column":25}},"3":{"start":{"line":6,"column":4},"end":{"line":6,"column":17}},"4":{"start":{"line":7,"column":4},"end":{"line":7,"column":23}},"5":{"start":{"line":11,"column":4},"end":{"line":11,"column":18}},"6":{"start":{"line":15,"column":4},"end":{"line":15,"column":43}},"7":{"start":{"line":21,"column":4},"end":{"line":21,"column":20}},"8":{"start":{"line":22,"column":4},"end":{"line":22,"column":19}},"9":{"start":{"line":23,"column":4},"end":{"line":23,"column":30}},"10":{"start":{"line":24,"column":4},"end":{"line":24,"column":33}},"11":{"start":{"line":28,"column":4},"end":{"line":28,"column":41}},"12":{"start":{"line":29,"column":4},"end":{"line":34,"column":6}},"13":{"start":{"line":30,"column":33},"end":{"line":30,"column":35}},"14":{"start":{"line":32,"column":6},"end":{"line":32,"column":81}},"15":{"start":{"line":33,"column":6},"end":{"line":33,"column":54}},"16":{"start":{"line":38,"column":29},"end":{"line":47,"column":5}},"17":{"start":{"line":39,"column":6},"end":{"line":45,"column":7}},"18":{"start":{"line":39,"column":19},"end":{"line":39,"column":20}},"19":{"start":{"line":40,"column":8},"end":{"line":44,"column":9}},"20":{"start":{"line":40,"column":21},"end":{"line":40,"column":22}},"21":{"start":{"line":41,"column":10},"end":{"line":43,"column":11}},"22":{"start":{"line":42,"column":12},"end":{"line":42,"column":39}},"23":{"start":{"line":46,"column":6},"end":{"line":46,"column":17}},"24":{"start":{"line":49,"column":18},"end":{"line":49,"column":78}},"25":{"start":{"line":51,"column":4},"end":{"line":56,"column":5}},"26":{"start":{"line":52,"column":6},"end":{"line":52,"column":23}},"27":{"start":{"line":53,"column":6},"end":{"line":53,"column":102}},"28":{"start":{"line":55,"column":6},"end":{"line":55,"column":103}},"29":{"start":{"line":58,"column":4},"end":{"line":58,"column":28}},"30":{"start":{"line":62,"column":21},"end":{"line":62,"column":90}},"31":{"start":{"line":62,"column":63},"end":{"line":62,"column":82}},"32":{"start":{"line":63,"column":25},"end":{"line":63,"column":53}},"33":{"start":{"line":65,"column":4},"end":{"line":65,"column":36}},"34":{"start":{"line":71,"column":4},"end":{"line":71,"column":20}},"35":{"start":{"line":72,"column":4},"end":{"line":72,"column":26}},"36":{"start":{"line":73,"column":4},"end":{"line":73,"column":30}},"37":{"start":{"line":79,"column":4},"end":{"line":79,"column":26}},"38":{"start":{"line":80,"column":4},"end":{"line":80,"column":53}},"39":{"start":{"line":84,"column":4},"end":{"line":86,"column":23}},"40":{"start":{"line":90,"column":4},"end":{"line":97,"column":5}},"41":{"start":{"line":92,"column":31},"end":{"line":92,"column":67}},"42":{"start":{"line":92,"column":54},"end":{"line":92,"column":66}},"43":{"start":{"line":93,"column":8},"end":{"line":93,"column":66}},"44":{"start":{"line":94,"column":8},"end":{"line":94,"column":13}},"45":{"start":{"line":96,"column":8},"end":{"line":96,"column":13}},"46":{"start":{"line":98,"column":4},"end":{"line":98,"column":22}}},"fnMap":{"0":{"name":"(anonymous_0)","decl":{"start":{"line":2,"column":2},"end":{"line":2,"column":3}},"loc":{"start":{"line":2,"column":22},"end":{"line":8,"column":3}},"line":2},"1":{"name":"(anonymous_1)","decl":{"start":{"line":10,"column":2},"end":{"line":10,"column":3}},"loc":{"start":{"line":10,"column":8},"end":{"line":12,"column":3}},"line":10},"2":{"name":"(anonymous_2)","decl":{"start":{"line":14,"column":2},"end":{"line":14,"column":3}},"loc":{"start":{"line":14,"column":14},"end":{"line":16,"column":3}},"line":14},"3":{"name":"(anonymous_3)","decl":{"start":{"line":20,"column":2},"end":{"line":20,"column":3}},"loc":{"start":{"line":20,"column":16},"end":{"line":25,"column":3}},"line":20},"4":{"name":"(anonymous_4)","decl":{"start":{"line":27,"column":2},"end":{"line":27,"column":3}},"loc":{"start":{"line":27,"column":31},"end":{"line":35,"column":3}},"line":27},"5":{"name":"(anonymous_5)","decl":{"start":{"line":29,"column":24},"end":{"line":29,"column":25}},"loc":{"start":{"line":29,"column":38},"end":{"line":34,"column":5}},"line":29},"6":{"name":"(anonymous_6)","decl":{"start":{"line":37,"column":2},"end":{"line":37,"column":3}},"loc":{"start":{"line":37,"column":37},"end":{"line":59,"column":3}},"line":37},"7":{"name":"(anonymous_7)","decl":{"start":{"line":38,"column":29},"end":{"line":38,"column":30}},"loc":{"start":{"line":38,"column":68},"end":{"line":47,"column":5}},"line":38},"8":{"name":"(anonymous_8)","decl":{"start":{"line":61,"column":2},"end":{"line":61,"column":3}},"loc":{"start":{"line":61,"column":15},"end":{"line":66,"column":3}},"line":61},"9":{"name":"(anonymous_9)","decl":{"start":{"line":62,"column":53},"end":{"line":62,"column":54}},"loc":{"start":{"line":62,"column":63},"end":{"line":62,"column":82}},"line":62},"10":{"name":"(anonymous_10)","decl":{"start":{"line":70,"column":2},"end":{"line":70,"column":3}},"loc":{"start":{"line":70,"column":40},"end":{"line":74,"column":3}},"line":70},"11":{"name":"(anonymous_11)","decl":{"start":{"line":78,"column":2},"end":{"line":78,"column":3}},"loc":{"start":{"line":78,"column":23},"end":{"line":81,"column":3}},"line":78},"12":{"name":"(anonymous_12)","decl":{"start":{"line":83,"column":2},"end":{"line":83,"column":3}},"loc":{"start":{"line":83,"column":16},"end":{"line":87,"column":3}},"line":83},"13":{"name":"(anonymous_13)","decl":{"start":{"line":89,"column":2},"end":{"line":89,"column":3}},"loc":{"start":{"line":89,"column":27},"end":{"line":99,"column":3}},"line":89},"14":{"name":"(anonymous_14)","decl":{"start":{"line":92,"column":49},"end":{"line":92,"column":50}},"loc":{"start":{"line":92,"column":54},"end":{"line":92,"column":66}},"line":92}},"branchMap":{"0":{"loc":{"start":{"line":41,"column":10},"end":{"line":43,"column":11}},"type":"if","locations":[{"start":{"line":41,"column":10},"end":{"line":43,"column":11}},{"start":{},"end":{}}],"line":41},"1":{"loc":{"start":{"line":41,"column":14},"end":{"line":41,"column":110}},"type":"binary-expr","locations":[{"start":{"line":41,"column":14},"end":{"line":41,"column":60}},{"start":{"line":41,"column":64},"end":{"line":41,"column":110}}],"line":41},"2":{"loc":{"start":{"line":51,"column":4},"end":{"line":56,"column":5}},"type":"if","locations":[{"start":{"line":51,"column":4},"end":{"line":56,"column":5}},{"start":{"line":54,"column":11},"end":{"line":56,"column":5}}],"line":51},"3":{"loc":{"start":{"line":84,"column":21},"end":{"line":86,"column":23}},"type":"cond-expr","locations":[{"start":{"line":85,"column":8},"end":{"line":85,"column":23}},{"start":{"line":86,"column":8},"end":{"line":86,"column":23}}],"line":84},"4":{"loc":{"start":{"line":90,"column":4},"end":{"line":97,"column":5}},"type":"switch","locations":[{"start":{"line":91,"column":6},"end":{"line":94,"column":13}},{"start":{"line":95,"column":6},"end":{"line":96,"column":13}}],"line":90}},"s":{"0":8,"1":8,"2":8,"3":8,"4":8,"5":5,"6":4,"7":6,"8":6,"9":6,"10":6,"11":4,"12":4,"13":12,"14":12,"15":12,"16":6,"17":6,"18":6,"19":11,"20":11,"21":11,"22":4,"23":2,"24":6,"25":6,"26":4,"27":4,"28":2,"29":6,"30":6,"31":9,"32":6,"33":6,"34":2,"35":2,"36":2,"37":1,"38":1,"39":1,"40":1,"41":1,"42":1,"43":1,"44":1,"45":0,"46":1},"f":{"0":8,"1":5,"2":4,"3":6,"4":4,"5":12,"6":6,"7":6,"8":6,"9":9,"10":2,"11":1,"12":1,"13":1,"14":1},"b":{"0":[4,7],"1":[11,11],"2":[4,2],"3":[0,1],"4":[1,0]},"_coverageSchema":"1a1c01bbd47fc00a2c39e90264f33305004495a9","hash":"402eb88212a053ed4e2e0e39358e54c17052ad27"}
}
