TN:
SF:src/controller.js
FN:3,(anonymous_0)
FN:24,(anonymous_1)
FN:25,(anonymous_2)
FN:31,(anonymous_3)
FN:35,(anonymous_4)
FN:39,(anonymous_5)
FN:43,(anonymous_6)
FN:47,(anonymous_7)
FN:51,(anonymous_8)
FN:55,(anonymous_9)
FN:64,(anonymous_10)
FN:74,(anonymous_11)
FN:75,(anonymous_12)
FN:103,(anonymous_13)
FN:110,(anonymous_14)
FN:117,(anonymous_15)
FN:122,(anonymous_16)
FN:127,(anonymous_17)
FNF:18
FNH:12
FNDA:10,(anonymous_0)
FNDA:3,(anonymous_1)
FNDA:6,(anonymous_2)
FNDA:0,(anonymous_3)
FNDA:8,(anonymous_4)
FNDA:0,(anonymous_5)
FNDA:3,(anonymous_6)
FNDA:3,(anonymous_7)
FNDA:3,(anonymous_8)
FNDA:3,(anonymous_9)
FNDA:2,(anonymous_10)
FNDA:1,(anonymous_11)
FNDA:1,(anonymous_12)
FNDA:0,(anonymous_13)
FNDA:0,(anonymous_14)
FNDA:0,(anonymous_15)
FNDA:0,(anonymous_16)
FNDA:1,(anonymous_17)
DA:3,10
DA:17,1
DA:25,6
DA:26,3
DA:27,3
DA:28,3
DA:32,0
DA:36,8
DA:40,0
DA:44,3
DA:48,3
DA:52,3
DA:56,3
DA:57,3
DA:58,3
DA:60,3
DA:61,3
DA:65,2
DA:69,2
DA:71,2
DA:75,1
DA:77,1
DA:79,1
DA:80,1
DA:82,1
DA:84,1
DA:88,1
DA:90,1
DA:93,0
DA:96,1
DA:97,0
DA:99,1
DA:104,0
DA:105,0
DA:106,0
DA:111,0
DA:112,0
DA:113,0
DA:118,0
DA:119,0
DA:123,0
DA:124,0
DA:128,1
DA:129,1
DA:130,1
LF:45
LH:31
BRDA:3,0,0,3
BRDA:3,1,0,5
BRDA:3,2,0,5
BRDA:65,3,0,0
BRDA:65,3,1,2
BRDA:77,4,0,1
BRDA:77,4,1,0
BRDA:84,5,0,0
BRDA:84,5,1,1
BRDA:96,6,0,0
BRDA:96,6,1,1
BRDA:105,7,0,0
BRDA:105,7,1,0
BRDA:112,8,0,0
BRDA:112,8,1,0
BRF:15
BRH:7
end_of_record
TN:
SF:src/ship.js
FN:4,(anonymous_0)
FN:13,(anonymous_1)
FN:24,(anonymous_2)
FN:49,(anonymous_3)
FN:72,(anonymous_4)
FN:77,(anonymous_5)
FNF:6
FNH:6
FNDA:11,(anonymous_0)
FNDA:10,(anonymous_1)
FNDA:2,(anonymous_2)
FNDA:2,(anonymous_3)
FNDA:5,(anonymous_4)
FNDA:4,(anonymous_5)
DA:5,11
DA:6,11
DA:7,11
DA:8,11
DA:9,11
DA:10,11
DA:14,10
DA:15,10
DA:16,8
DA:21,10
DA:25,2
DA:27,2
DA:28,1
DA:29,1
DA:35,1
DA:37,1
DA:38,1
DA:39,1
DA:45,1
DA:50,2
DA:52,2
DA:53,8
DA:54,2
DA:58,6
DA:59,3
DA:64,3
DA:73,5
DA:74,5
DA:78,4
DA:79,4
LF:30
LH:30
BRDA:15,0,0,8
BRDA:15,0,1,2
BRDA:16,1,0,4
BRDA:16,1,1,4
BRDA:27,2,0,1
BRDA:27,2,1,1
BRDA:37,3,0,1
BRDA:37,3,1,0
BRDA:53,4,0,2
BRDA:53,4,1,6
BRDA:58,5,0,3
BRDA:58,5,1,3
BRF:12
BRH:11
end_of_record
