TN:
SF:src/controller.js
FN:4,(anonymous_0)
FN:5,(anonymous_1)
FN:9,(anonymous_2)
FN:15,(anonymous_3)
FN:16,(anonymous_4)
FN:33,(anonymous_5)
FNF:6
FNH:6
FNDA:3,(anonymous_0)
FNDA:6,(anonymous_1)
FNDA:2,(anonymous_2)
FNDA:1,(anonymous_3)
FNDA:2,(anonymous_4)
FNDA:1,(anonymous_5)
DA:5,6
DA:6,3
DA:10,2
DA:16,2
DA:18,1
DA:20,1
DA:21,1
DA:23,0
DA:26,1
DA:27,0
DA:29,1
DA:34,1
LF:12
LH:10
BRDA:10,0,0,2
BRDA:10,0,1,0
BRDA:18,1,0,1
BRDA:18,1,1,0
BRDA:26,2,0,0
BRDA:26,2,1,1
BRF:6
BRH:3
end_of_record
TN:
SF:src/gameboard.js
FN:4,(anonymous_0)
FN:11,(anonymous_1)
FN:14,(anonymous_2)
FN:21,(anonymous_3)
FN:22,(anonymous_4)
FN:43,(anonymous_5)
FN:44,(anonymous_6)
FNF:7
FNH:7
FNDA:11,(anonymous_0)
FNDA:5,(anonymous_1)
FNDA:13,(anonymous_2)
FNDA:6,(anonymous_3)
FNDA:6,(anonymous_4)
FNDA:7,(anonymous_5)
FNDA:10,(anonymous_6)
DA:5,11
DA:6,11
DA:7,11
DA:8,11
DA:12,5
DA:13,5
DA:14,5
DA:15,13
DA:18,5
DA:22,6
DA:23,6
DA:24,12
DA:25,4
DA:28,2
DA:31,6
DA:33,6
DA:34,4
DA:35,4
DA:37,2
DA:40,6
DA:44,10
DA:45,7
DA:47,7
LF:23
LH:23
BRDA:24,0,0,4
BRDA:24,0,1,8
BRDA:24,1,0,12
BRDA:24,1,1,11
BRDA:33,2,0,4
BRDA:33,2,1,2
BRF:6
BRH:6
end_of_record
TN:
SF:src/player.js
FN:4,(anonymous_0)
FN:10,(anonymous_1)
FNF:2
FNH:1
FNDA:7,(anonymous_0)
FNDA:0,(anonymous_1)
DA:5,7
DA:6,7
DA:7,7
DA:11,0
LF:4
LH:3
BRF:0
BRH:0
end_of_record
TN:
SF:src/ship.js
FN:2,(anonymous_0)
FN:10,(anonymous_1)
FN:14,(anonymous_2)
FNF:3
FNH:3
FNDA:10,(anonymous_0)
FNDA:5,(anonymous_1)
FNDA:4,(anonymous_2)
DA:3,10
DA:4,10
DA:5,10
DA:6,10
DA:7,10
DA:11,5
DA:15,4
DA:16,4
LF:8
LH:8
BRF:0
BRH:0
end_of_record
